#
# There is insufficient memory for the Java Runtime Environment to continue.
# Native memory allocation (malloc) failed to allocate 1083648 bytes. Error detail: Chunk::new
# Possible reasons:
#   The system is out of physical RAM or swap space
#   This process is running with CompressedOops enabled, and the Java Heap may be blocking the growth of the native heap
# Possible solutions:
#   Reduce memory load on the system
#   Increase physical memory or swap space
#   Check if swap backing store is full
#   Decrease Java heap size (-Xmx/-Xms)
#   Decrease number of Java threads
#   Decrease Java thread stack sizes (-Xss)
#   Set larger code cache with -XX:ReservedCodeCacheSize=
#   JVM is running with Unscaled Compressed Oops mode in which the Java heap is
#     placed in the first 4GB address space. The Java Heap base address is the
#     maximum limit for the native heap growth. Please use -XX:HeapBaseMinAddress
#     to set the Java Heap base and to place the Java Heap above 4GB virtual address.
# This output file may be truncated or incomplete.
#
#  Out of Memory Error (arena.cpp:168), pid=25736, tid=26872
#
# JRE version: OpenJDK Runtime Environment Temurin-21.0.8+9 (21.0.8+9) (build 21.0.8+9-LTS)
# Java VM: OpenJDK 64-Bit Server VM Temurin-21.0.8+9 (21.0.8+9-LTS, mixed mode, sharing, tiered, compressed oops, compressed class ptrs, parallel gc, windows-amd64)
# No core dump will be written. Minidumps are not enabled by default on client versions of Windows
#

---------------  S U M M A R Y ------------

Command Line: --add-modules=ALL-SYSTEM --add-opens=java.base/java.util=ALL-UNNAMED --add-opens=java.base/java.lang=ALL-UNNAMED --add-opens=java.base/sun.nio.fs=ALL-UNNAMED -Declipse.application=org.eclipse.jdt.ls.core.id1 -Dosgi.bundles.defaultStartLevel=4 -Declipse.product=org.eclipse.jdt.ls.core.product -Djava.import.generatesMetadataFilesAtProjectRoot=false -DDetectVMInstallationsJob.disabled=true -Dfile.encoding=utf8 -XX:+UseParallelGC -XX:GCTimeRatio=4 -XX:AdaptiveSizePolicyWeight=90 -Dsun.zip.disableMemoryMapping=true -Xmx2G -Xms100m -Xlog:disable -javaagent:c:\Users\Biblioteca\.vscode\extensions\redhat.java-1.46.0-win32-x64\lombok\lombok-1.18.39-4050.jar -XX:+HeapDumpOnOutOfMemoryError -XX:HeapDumpPath=c:\Users\Biblioteca\AppData\Roaming\Code\User\workspaceStorage\e53d109b36990f46a688a393441f2901\redhat.java -Daether.dependencyCollector.impl=bf c:\Users\Biblioteca\.vscode\extensions\redhat.java-1.46.0-win32-x64\server\plugins\org.eclipse.equinox.launcher_1.7.0.v20250519-0528.jar -configuration c:\Users\Biblioteca\AppData\Roaming\Code\User\globalStorage\redhat.java\1.46.0\config_win -data c:\Users\Biblioteca\AppData\Roaming\Code\User\workspaceStorage\e53d109b36990f46a688a393441f2901\redhat.java\jdt_ws --pipe=\\.\pipe\lsp-b1a90bd45bf0a13c32517f15f87d9983-sock

Host: Intel(R) Core(TM) i5-9500 CPU @ 3.00GHz, 6 cores, 15G,  Windows 11 , 64 bit Build 26100 (10.0.26100.5074)
Time: Wed Oct 15 10:17:59 2025 Hora oficial do Brasil elapsed time: 23.105038 seconds (0d 0h 0m 23s)

---------------  T H R E A D  ---------------

Current thread (0x0000025a466b6fb0):  JavaThread "C2 CompilerThread0" daemon [_thread_in_native, id=26872, stack(0x000000e194600000,0x000000e194700000) (1024K)]


Current CompileTask:
C2:23105 8572       4       java.lang.invoke.MethodType::methodType (69 bytes)

Stack: [0x000000e194600000,0x000000e194700000]
Native frames: (J=compiled Java code, j=interpreted, Vv=VM code, C=native code)
V  [jvm.dll+0x6d2449]
V  [jvm.dll+0x8ae341]
V  [jvm.dll+0x8b08be]
V  [jvm.dll+0x8b0fa3]
V  [jvm.dll+0x280c96]
V  [jvm.dll+0xc581d]
V  [jvm.dll+0xc5d53]
V  [jvm.dll+0x3b919c]
V  [jvm.dll+0x1e1213]
V  [jvm.dll+0x249022]
V  [jvm.dll+0x2484af]
V  [jvm.dll+0x1c89ee]
V  [jvm.dll+0x257d4d]
V  [jvm.dll+0x2562ea]
V  [jvm.dll+0x3f2d16]
V  [jvm.dll+0x857e6b]
V  [jvm.dll+0x6d0b0d]
C  [ucrtbase.dll+0x37b0]
C  [KERNEL32.DLL+0x2e8d7]
C  [ntdll.dll+0x8d9c]


---------------  P R O C E S S  ---------------

Threads class SMR info:
_java_thread_list=0x0000025a6613b0a0, length=36, elements={
0x0000025a4676c740, 0x0000025a4669d9c0, 0x0000025a4669ea80, 0x0000025a466b0110,
0x0000025a466ae040, 0x0000025a466ae6d0, 0x0000025a466b07a0, 0x0000025a466b6fb0,
0x0000025a5e3385c0, 0x0000025a466af3f0, 0x0000025a466aed60, 0x0000025a466b0e30,
0x0000025a466b14c0, 0x0000025a466afa80, 0x0000025a631eca70, 0x0000025a631eb030,
0x0000025a631eb6c0, 0x0000025a631ebd50, 0x0000025a631ed100, 0x0000025a631ec3e0,
0x0000025a631ed790, 0x0000025a631ede20, 0x0000025a631ea9a0, 0x0000025a631f0580,
0x0000025a631ef1d0, 0x0000025a631ee4b0, 0x0000025a631ef860, 0x0000025a631f1930,
0x0000025a631f12a0, 0x0000025a631f1fc0, 0x0000025a631efef0, 0x0000025a631eeb40,
0x0000025a631f0c10, 0x0000025a66476160, 0x0000025a66475ad0, 0x0000025a664767f0
}

Java Threads: ( => current thread )
  0x0000025a4676c740 JavaThread "main"                              [_thread_blocked, id=28500, stack(0x000000e193c00000,0x000000e193d00000) (1024K)]
  0x0000025a4669d9c0 JavaThread "Reference Handler"          daemon [_thread_blocked, id=73660, stack(0x000000e194000000,0x000000e194100000) (1024K)]
  0x0000025a4669ea80 JavaThread "Finalizer"                  daemon [_thread_blocked, id=57492, stack(0x000000e194100000,0x000000e194200000) (1024K)]
  0x0000025a466b0110 JavaThread "Signal Dispatcher"          daemon [_thread_blocked, id=62460, stack(0x000000e194200000,0x000000e194300000) (1024K)]
  0x0000025a466ae040 JavaThread "Attach Listener"            daemon [_thread_blocked, id=22776, stack(0x000000e194300000,0x000000e194400000) (1024K)]
  0x0000025a466ae6d0 JavaThread "Service Thread"             daemon [_thread_blocked, id=62992, stack(0x000000e194400000,0x000000e194500000) (1024K)]
  0x0000025a466b07a0 JavaThread "Monitor Deflation Thread"   daemon [_thread_blocked, id=66192, stack(0x000000e194500000,0x000000e194600000) (1024K)]
=>0x0000025a466b6fb0 JavaThread "C2 CompilerThread0"         daemon [_thread_in_native, id=26872, stack(0x000000e194600000,0x000000e194700000) (1024K)]
  0x0000025a5e3385c0 JavaThread "C1 CompilerThread0"         daemon [_thread_blocked, id=16116, stack(0x000000e194700000,0x000000e194800000) (1024K)]
  0x0000025a466af3f0 JavaThread "Common-Cleaner"             daemon [_thread_blocked, id=31580, stack(0x000000e194800000,0x000000e194900000) (1024K)]
  0x0000025a466aed60 JavaThread "Notification Thread"        daemon [_thread_blocked, id=53688, stack(0x000000e194a00000,0x000000e194b00000) (1024K)]
  0x0000025a466b0e30 JavaThread "Active Thread: Equinox Container: 5065aab8-04a4-4044-b679-629d39fd89f1"        [_thread_blocked, id=17320, stack(0x000000e195000000,0x000000e195100000) (1024K)]
  0x0000025a466b14c0 JavaThread "Refresh Thread: Equinox Container: 5065aab8-04a4-4044-b679-629d39fd89f1" daemon [_thread_blocked, id=34588, stack(0x000000e195100000,0x000000e195200000) (1024K)]
  0x0000025a466afa80 JavaThread "Framework Event Dispatcher: Equinox Container: 5065aab8-04a4-4044-b679-629d39fd89f1" daemon [_thread_blocked, id=25816, stack(0x000000e195200000,0x000000e195300000) (1024K)]
  0x0000025a631eca70 JavaThread "Start Level: Equinox Container: 5065aab8-04a4-4044-b679-629d39fd89f1" daemon [_thread_blocked, id=29956, stack(0x000000e195300000,0x000000e195400000) (1024K)]
  0x0000025a631eb030 JavaThread "Bundle File Closer"         daemon [_thread_blocked, id=15984, stack(0x000000e194900000,0x000000e194a00000) (1024K)]
  0x0000025a631eb6c0 JavaThread "SCR Component Actor"        daemon [_thread_blocked, id=70832, stack(0x000000e195400000,0x000000e195500000) (1024K)]
  0x0000025a631ebd50 JavaThread "Worker-JM"                         [_thread_blocked, id=34892, stack(0x000000e195600000,0x000000e195700000) (1024K)]
  0x0000025a631ed100 JavaThread "JNA Cleaner"                daemon [_thread_blocked, id=19152, stack(0x000000e195700000,0x000000e195800000) (1024K)]
  0x0000025a631ec3e0 JavaThread "Worker-0"                          [_thread_blocked, id=57736, stack(0x000000e195800000,0x000000e195900000) (1024K)]
  0x0000025a631ed790 JavaThread "Worker-1: Initialize workspace"        [_thread_in_native, id=47664, stack(0x000000e195900000,0x000000e195a00000) (1024K)]
  0x0000025a631ede20 JavaThread "Java indexing"              daemon [_thread_blocked, id=62836, stack(0x000000e195a00000,0x000000e195b00000) (1024K)]
  0x0000025a631ea9a0 JavaThread "Worker-2"                          [_thread_blocked, id=66516, stack(0x000000e195e00000,0x000000e195f00000) (1024K)]
  0x0000025a631f0580 JavaThread "Worker-3: Java indexing... "        [_thread_blocked, id=48260, stack(0x000000e195f00000,0x000000e196000000) (1024K)]
  0x0000025a631ef1d0 JavaThread "Thread-1"                   daemon [_thread_in_native, id=51988, stack(0x000000e196000000,0x000000e196100000) (1024K)]
  0x0000025a631ee4b0 JavaThread "Thread-2"                   daemon [_thread_in_native, id=28596, stack(0x000000e196100000,0x000000e196200000) (1024K)]
  0x0000025a631ef860 JavaThread "Thread-3"                   daemon [_thread_in_native, id=16572, stack(0x000000e196200000,0x000000e196300000) (1024K)]
  0x0000025a631f1930 JavaThread "Thread-4"                   daemon [_thread_in_native, id=13544, stack(0x000000e196300000,0x000000e196400000) (1024K)]
  0x0000025a631f12a0 JavaThread "Thread-5"                   daemon [_thread_in_native, id=57012, stack(0x000000e196400000,0x000000e196500000) (1024K)]
  0x0000025a631f1fc0 JavaThread "Thread-6"                   daemon [_thread_in_native, id=26960, stack(0x000000e196500000,0x000000e196600000) (1024K)]
  0x0000025a631efef0 JavaThread "Thread-7"                   daemon [_thread_in_native, id=4924, stack(0x000000e196600000,0x000000e196700000) (1024K)]
  0x0000025a631eeb40 JavaThread "pool-2-thread-1"                   [_thread_blocked, id=15888, stack(0x000000e196700000,0x000000e196800000) (1024K)]
  0x0000025a631f0c10 JavaThread "WorkspaceEventsHandler"            [_thread_blocked, id=4688, stack(0x000000e196800000,0x000000e196900000) (1024K)]
  0x0000025a66476160 JavaThread "pool-1-thread-1"                   [_thread_blocked, id=58156, stack(0x000000e196900000,0x000000e196a00000) (1024K)]
  0x0000025a66475ad0 JavaThread "Worker-4: Initialize Workspace"        [_thread_blocked, id=10944, stack(0x000000e196a00000,0x000000e196b00000) (1024K)]
  0x0000025a664767f0 JavaThread "Worker-5: Check JDK Index"         [_thread_in_native, id=27052, stack(0x000000e196b00000,0x000000e196c00000) (1024K)]
Total: 36

Other Threads:
  0x0000025a4667f7c0 VMThread "VM Thread"                           [id=11728, stack(0x000000e193f00000,0x000000e194000000) (1024K)]
  0x0000025a465fca00 WatcherThread "VM Periodic Task Thread"        [id=69168, stack(0x000000e193e00000,0x000000e193f00000) (1024K)]
  0x0000025a4678bd50 WorkerThread "GC Thread#0"                     [id=50956, stack(0x000000e193d00000,0x000000e193e00000) (1024K)]
  0x0000025a5eb2e330 WorkerThread "GC Thread#1"                     [id=73420, stack(0x000000e194b00000,0x000000e194c00000) (1024K)]
  0x0000025a5eaa2ab0 WorkerThread "GC Thread#2"                     [id=52104, stack(0x000000e194c00000,0x000000e194d00000) (1024K)]
  0x0000025a5ed1b130 WorkerThread "GC Thread#3"                     [id=63568, stack(0x000000e194d00000,0x000000e194e00000) (1024K)]
  0x0000025a5ed1b4d0 WorkerThread "GC Thread#4"                     [id=27188, stack(0x000000e194e00000,0x000000e194f00000) (1024K)]
  0x0000025a5e8c2980 WorkerThread "GC Thread#5"                     [id=35236, stack(0x000000e194f00000,0x000000e195000000) (1024K)]
Total: 8

Threads with active compile tasks:
C2 CompilerThread0  23191 8572       4       java.lang.invoke.MethodType::methodType (69 bytes)
Total: 1

VM state: not at safepoint (normal execution)

VM Mutex/Monitor currently owned by a thread: None

Heap address: 0x0000000080000000, size: 2048 MB, Compressed Oops mode: 32-bit

CDS archive(s) mapped at: [0x0000025a00000000-0x0000025a00ba0000-0x0000025a00ba0000), size 12189696, SharedBaseAddress: 0x0000025a00000000, ArchiveRelocationMode: 1.
Compressed class space mapped at: 0x0000025a01000000-0x0000025a41000000, reserved size: 1073741824
Narrow klass base: 0x0000025a00000000, Narrow klass shift: 0, Narrow klass range: 0x100000000

GC Precious Log:
 CardTable entry size: 512
 CPUs: 6 total, 6 available
 Memory: 16165M
 Large Page Support: Disabled
 NUMA Support: Disabled
 Compressed Oops: Enabled (32-bit)
 Alignments: Space 512K, Generation 512K, Heap 2M
 Heap Min Capacity: 100M
 Heap Initial Capacity: 100M
 Heap Max Capacity: 2G
 Pre-touch: Disabled
 Parallel Workers: 6

Heap:
 PSYoungGen      total 29184K, used 28909K [0x00000000d5580000, 0x00000000d8e00000, 0x0000000100000000)
  eden space 9728K, 98% used [0x00000000d5580000,0x00000000d5ed2198,0x00000000d5f00000)
  from space 19456K, 99% used [0x00000000d7b00000,0x00000000d8de94b0,0x00000000d8e00000)
  to   space 22528K, 0% used [0x00000000d6200000,0x00000000d6200000,0x00000000d7800000)
 ParOldGen       total 290816K, used 290706K [0x0000000080000000, 0x0000000091c00000, 0x00000000d5580000)
  object space 290816K, 99% used [0x0000000080000000,0x0000000091be48e0,0x0000000091c00000)
 Metaspace       used 50108K, committed 51456K, reserved 1114112K
  class space    used 5418K, committed 6016K, reserved 1048576K

Card table byte_map: [0x0000025a46110000,0x0000025a46520000] _byte_map_base: 0x0000025a45d10000

Marking Bits: (ParMarkBitMap*) 0x00007ffcad40a340
 Begin Bits: [0x0000025a58c10000, 0x0000025a5ac10000)
 End Bits:   [0x0000025a5ac10000, 0x0000025a5cc10000)

Polling page: 0x0000025a44550000

Metaspace:

Usage:
  Non-class:     43.64 MB used.
      Class:      5.29 MB used.
       Both:     48.93 MB used.

Virtual space:
  Non-class space:       64.00 MB reserved,      44.38 MB ( 69%) committed,  1 nodes.
      Class space:        1.00 GB reserved,       5.88 MB ( <1%) committed,  1 nodes.
             Both:        1.06 GB reserved,      50.25 MB (  5%) committed. 

Chunk freelists:
   Non-Class:  2.91 MB
       Class:  9.95 MB
        Both:  12.86 MB

MaxMetaspaceSize: unlimited
CompressedClassSpaceSize: 1.00 GB
Initial GC threshold: 21.00 MB
Current GC threshold: 81.50 MB
CDS: on
 - commit_granule_bytes: 65536.
 - commit_granule_words: 8192.
 - virtual_space_node_default_size: 8388608.
 - enlarge_chunks_in_place: 1.
 - use_allocation_guard: 0.


Internal statistics:

num_allocs_failed_limit: 6.
num_arena_births: 1046.
num_arena_deaths: 14.
num_vsnodes_births: 2.
num_vsnodes_deaths: 0.
num_space_committed: 804.
num_space_uncommitted: 0.
num_chunks_returned_to_freelist: 20.
num_chunks_taken_from_freelist: 3397.
num_chunk_merges: 12.
num_chunk_splits: 2076.
num_chunks_enlarged: 1124.
num_inconsistent_stats: 0.

CodeHeap 'non-profiled nmethods': size=120000Kb used=4752Kb max_used=4752Kb free=115247Kb
 bounds [0x0000025a51430000, 0x0000025a518e0000, 0x0000025a58960000]
CodeHeap 'profiled nmethods': size=120000Kb used=13342Kb max_used=14986Kb free=106657Kb
 bounds [0x0000025a49960000, 0x0000025a4a810000, 0x0000025a50e90000]
CodeHeap 'non-nmethods': size=5760Kb used=1387Kb max_used=1490Kb free=4372Kb
 bounds [0x0000025a50e90000, 0x0000025a51100000, 0x0000025a51430000]
CodeCache: size=245760Kb, used=19481Kb, max_used=21228Kb, free=226276Kb
 total_blobs=7675, nmethods=6983, adapters=598, full_count=0
Compilation: enabled, stopped_count=0, restarted_count=0

Compilation events (20 events):
Event: 22.763 Thread 0x0000025a5e3385c0 nmethod 8643 0x0000025a518d1e90 code [0x0000025a518d2020, 0x0000025a518d2100]
Event: 22.763 Thread 0x0000025a5e3385c0 8644       1       org.eclipse.core.internal.jobs.InternalJob::setPrevious (6 bytes)
Event: 22.763 Thread 0x0000025a5e3385c0 nmethod 8644 0x0000025a518d2190 code [0x0000025a518d2320, 0x0000025a518d2400]
Event: 22.763 Thread 0x0000025a5eab6630 8645       4       java.util.Hashtable$Enumerator::hasMoreElements (53 bytes)
Event: 22.765 Thread 0x0000025a5e3385c0 8648       3       java.lang.invoke.LambdaForm$MH/0x0000025a0101fc00::invoke (110 bytes)
Event: 22.766 Thread 0x0000025a5e3385c0 nmethod 8648 0x0000025a4a3d6a90 code [0x0000025a4a3d6ce0, 0x0000025a4a3d7ad8]
Event: 22.766 Thread 0x0000025a5e3385c0 8649       3       java.lang.invoke.LambdaForm$MH/0x0000025a0101f400::invoke (46 bytes)
Event: 22.766 Thread 0x0000025a5e3385c0 nmethod 8649 0x0000025a4a3d6110 code [0x0000025a4a3d6300, 0x0000025a4a3d6910]
Event: 22.766 Thread 0x0000025a5eab6630 nmethod 8645 0x0000025a518d2490 code [0x0000025a518d2620, 0x0000025a518d27d8]
Event: 22.766 Thread 0x0000025a5eab6630 8647       4       java.util.Hashtable$Enumerator::nextElement (111 bytes)
Event: 22.767 Thread 0x0000025a5eab6630 nmethod 8647 0x0000025a518d2890 code [0x0000025a518d2a20, 0x0000025a518d2b28]
Event: 22.767 Thread 0x0000025a5eab6630 8646       4       java.util.Hashtable$Enumerator::hasNext (5 bytes)
Event: 22.770 Thread 0x0000025a5eab6630 nmethod 8646 0x0000025a518d2c10 code [0x0000025a518d2da0, 0x0000025a518d2f58]
Event: 22.770 Thread 0x0000025a5eab6630 8650       4       org.eclipse.core.runtime.Path::equals (127 bytes)
Event: 22.770 Thread 0x0000025a5e3385c0 8651  s    3       org.eclipse.jdt.internal.core.search.indexing.IndexManager::computeIndexLocation (116 bytes)
Event: 22.772 Thread 0x0000025a5e3385c0 nmethod 8651 0x0000025a4a346510 code [0x0000025a4a346a20, 0x0000025a4a348d20]
Event: 22.774 Thread 0x0000025a5eab6630 nmethod 8650 0x0000025a518d3090 code [0x0000025a518d3240, 0x0000025a518d3700]
Event: 22.777 Thread 0x0000025a5e3385c0 8652       3       org.eclipse.jdt.internal.compiler.util.Util::isClassFileName (82 bytes)
Event: 22.778 Thread 0x0000025a5e3385c0 nmethod 8652 0x0000025a4a341e90 code [0x0000025a4a3420e0, 0x0000025a4a3429a8]
Event: 23.009 Thread 0x0000025a5e3385c0 8653  s    3       java.io.FileDescriptor::attach (73 bytes)

GC Heap History (20 events):
Event: 21.653 GC heap before
{Heap before GC invocations=228 (full 5):
 PSYoungGen      total 16384K, used 16071K [0x00000000d5580000, 0x00000000d6e80000, 0x0000000100000000)
  eden space 7168K, 99% used [0x00000000d5580000,0x00000000d5c76128,0x00000000d5c80000)
  from space 9216K, 97% used [0x00000000d6580000,0x00000000d6e3bc60,0x00000000d6e80000)
  to   space 9216K, 0% used [0x00000000d5c80000,0x00000000d5c80000,0x00000000d6580000)
 ParOldGen       total 280064K, used 269247K [0x0000000080000000, 0x0000000091180000, 0x00000000d5580000)
  object space 280064K, 96% used [0x0000000080000000,0x00000000906efd30,0x0000000091180000)
 Metaspace       used 49310K, committed 50688K, reserved 1114112K
  class space    used 5332K, committed 5952K, reserved 1048576K
}
Event: 21.658 GC heap after
{Heap after GC invocations=228 (full 5):
 PSYoungGen      total 16384K, used 9215K [0x00000000d5580000, 0x00000000d7700000, 0x0000000100000000)
  eden space 7168K, 0% used [0x00000000d5580000,0x00000000d5580000,0x00000000d5c80000)
  from space 9216K, 99% used [0x00000000d5c80000,0x00000000d657fd00,0x00000000d6580000)
  to   space 13312K, 0% used [0x00000000d6a00000,0x00000000d6a00000,0x00000000d7700000)
 ParOldGen       total 280064K, used 272479K [0x0000000080000000, 0x0000000091180000, 0x00000000d5580000)
  object space 280064K, 97% used [0x0000000080000000,0x0000000090a17e28,0x0000000091180000)
 Metaspace       used 49310K, committed 50688K, reserved 1114112K
  class space    used 5332K, committed 5952K, reserved 1048576K
}
Event: 21.730 GC heap before
{Heap before GC invocations=229 (full 5):
 PSYoungGen      total 16384K, used 16342K [0x00000000d5580000, 0x00000000d7700000, 0x0000000100000000)
  eden space 7168K, 99% used [0x00000000d5580000,0x00000000d5c75b88,0x00000000d5c80000)
  from space 9216K, 99% used [0x00000000d5c80000,0x00000000d657fd00,0x00000000d6580000)
  to   space 13312K, 0% used [0x00000000d6a00000,0x00000000d6a00000,0x00000000d7700000)
 ParOldGen       total 280064K, used 272479K [0x0000000080000000, 0x0000000091180000, 0x00000000d5580000)
  object space 280064K, 97% used [0x0000000080000000,0x0000000090a17e28,0x0000000091180000)
 Metaspace       used 49310K, committed 50688K, reserved 1114112K
  class space    used 5332K, committed 5952K, reserved 1048576K
}
Event: 21.734 GC heap after
{Heap after GC invocations=229 (full 5):
 PSYoungGen      total 20480K, used 13080K [0x00000000d5580000, 0x00000000d7800000, 0x0000000100000000)
  eden space 7168K, 0% used [0x00000000d5580000,0x00000000d5580000,0x00000000d5c80000)
  from space 13312K, 98% used [0x00000000d6a00000,0x00000000d76c6300,0x00000000d7700000)
  to   space 13824K, 0% used [0x00000000d5c80000,0x00000000d5c80000,0x00000000d6a00000)
 ParOldGen       total 280064K, used 273079K [0x0000000080000000, 0x0000000091180000, 0x00000000d5580000)
  object space 280064K, 97% used [0x0000000080000000,0x0000000090aadcc8,0x0000000091180000)
 Metaspace       used 49310K, committed 50688K, reserved 1114112K
  class space    used 5332K, committed 5952K, reserved 1048576K
}
Event: 21.785 GC heap before
{Heap before GC invocations=230 (full 5):
 PSYoungGen      total 20480K, used 19778K [0x00000000d5580000, 0x00000000d7800000, 0x0000000100000000)
  eden space 7168K, 93% used [0x00000000d5580000,0x00000000d5c0a780,0x00000000d5c80000)
  from space 13312K, 98% used [0x00000000d6a00000,0x00000000d76c6300,0x00000000d7700000)
  to   space 13824K, 0% used [0x00000000d5c80000,0x00000000d5c80000,0x00000000d6a00000)
 ParOldGen       total 280064K, used 273079K [0x0000000080000000, 0x0000000091180000, 0x00000000d5580000)
  object space 280064K, 97% used [0x0000000080000000,0x0000000090aadcc8,0x0000000091180000)
 Metaspace       used 49310K, committed 50688K, reserved 1114112K
  class space    used 5332K, committed 5952K, reserved 1048576K
}
Event: 21.790 GC heap after
{Heap after GC invocations=230 (full 5):
 PSYoungGen      total 20992K, used 13814K [0x00000000d5580000, 0x00000000d8100000, 0x0000000100000000)
  eden space 7168K, 0% used [0x00000000d5580000,0x00000000d5580000,0x00000000d5c80000)
  from space 13824K, 99% used [0x00000000d5c80000,0x00000000d69fdbc0,0x00000000d6a00000)
  to   space 18432K, 0% used [0x00000000d6f00000,0x00000000d6f00000,0x00000000d8100000)
 ParOldGen       total 280064K, used 276862K [0x0000000080000000, 0x0000000091180000, 0x00000000d5580000)
  object space 280064K, 98% used [0x0000000080000000,0x0000000090e5fb30,0x0000000091180000)
 Metaspace       used 49310K, committed 50688K, reserved 1114112K
  class space    used 5332K, committed 5952K, reserved 1048576K
}
Event: 21.854 GC heap before
{Heap before GC invocations=231 (full 5):
 PSYoungGen      total 20992K, used 20982K [0x00000000d5580000, 0x00000000d8100000, 0x0000000100000000)
  eden space 7168K, 100% used [0x00000000d5580000,0x00000000d5c80000,0x00000000d5c80000)
  from space 13824K, 99% used [0x00000000d5c80000,0x00000000d69fdbc0,0x00000000d6a00000)
  to   space 18432K, 0% used [0x00000000d6f00000,0x00000000d6f00000,0x00000000d8100000)
 ParOldGen       total 280064K, used 276862K [0x0000000080000000, 0x0000000091180000, 0x00000000d5580000)
  object space 280064K, 98% used [0x0000000080000000,0x0000000090e5fb30,0x0000000091180000)
 Metaspace       used 49310K, committed 50688K, reserved 1114112K
  class space    used 5332K, committed 5952K, reserved 1048576K
}
Event: 21.859 GC heap after
{Heap after GC invocations=231 (full 5):
 PSYoungGen      total 25600K, used 17513K [0x00000000d5580000, 0x00000000d8080000, 0x0000000100000000)
  eden space 7680K, 0% used [0x00000000d5580000,0x00000000d5580000,0x00000000d5d00000)
  from space 17920K, 97% used [0x00000000d6f00000,0x00000000d801a660,0x00000000d8080000)
  to   space 17920K, 0% used [0x00000000d5d80000,0x00000000d5d80000,0x00000000d6f00000)
 ParOldGen       total 280064K, used 277756K [0x0000000080000000, 0x0000000091180000, 0x00000000d5580000)
  object space 280064K, 99% used [0x0000000080000000,0x0000000090f3f0b0,0x0000000091180000)
 Metaspace       used 49310K, committed 50688K, reserved 1114112K
  class space    used 5332K, committed 5952K, reserved 1048576K
}
Event: 21.927 GC heap before
{Heap before GC invocations=232 (full 5):
 PSYoungGen      total 25600K, used 25084K [0x00000000d5580000, 0x00000000d8080000, 0x0000000100000000)
  eden space 7680K, 98% used [0x00000000d5580000,0x00000000d5ce4c28,0x00000000d5d00000)
  from space 17920K, 97% used [0x00000000d6f00000,0x00000000d801a660,0x00000000d8080000)
  to   space 17920K, 0% used [0x00000000d5d80000,0x00000000d5d80000,0x00000000d6f00000)
 ParOldGen       total 280064K, used 277756K [0x0000000080000000, 0x0000000091180000, 0x00000000d5580000)
  object space 280064K, 99% used [0x0000000080000000,0x0000000090f3f0b0,0x0000000091180000)
 Metaspace       used 49310K, committed 50688K, reserved 1114112K
  class space    used 5332K, committed 5952K, reserved 1048576K
}
Event: 21.934 GC heap after
{Heap after GC invocations=232 (full 5):
 PSYoungGen      total 26112K, used 17892K [0x00000000d5580000, 0x00000000d8a80000, 0x0000000100000000)
  eden space 8192K, 0% used [0x00000000d5580000,0x00000000d5580000,0x00000000d5d80000)
  from space 17920K, 99% used [0x00000000d5d80000,0x00000000d6ef93c0,0x00000000d6f00000)
  to   space 23040K, 0% used [0x00000000d7400000,0x00000000d7400000,0x00000000d8a80000)
 ParOldGen       total 282112K, used 282059K [0x0000000080000000, 0x0000000091380000, 0x00000000d5580000)
  object space 282112K, 99% used [0x0000000080000000,0x0000000091372fb8,0x0000000091380000)
 Metaspace       used 49310K, committed 50688K, reserved 1114112K
  class space    used 5332K, committed 5952K, reserved 1048576K
}
Event: 22.003 GC heap before
{Heap before GC invocations=233 (full 5):
 PSYoungGen      total 26112K, used 26084K [0x00000000d5580000, 0x00000000d8a80000, 0x0000000100000000)
  eden space 8192K, 100% used [0x00000000d5580000,0x00000000d5d80000,0x00000000d5d80000)
  from space 17920K, 99% used [0x00000000d5d80000,0x00000000d6ef93c0,0x00000000d6f00000)
  to   space 23040K, 0% used [0x00000000d7400000,0x00000000d7400000,0x00000000d8a80000)
 ParOldGen       total 282112K, used 282059K [0x0000000080000000, 0x0000000091380000, 0x00000000d5580000)
  object space 282112K, 99% used [0x0000000080000000,0x0000000091372fb8,0x0000000091380000)
 Metaspace       used 49310K, committed 50688K, reserved 1114112K
  class space    used 5332K, committed 5952K, reserved 1048576K
}
Event: 22.010 GC heap after
{Heap after GC invocations=233 (full 5):
 PSYoungGen      total 31232K, used 22618K [0x00000000d5580000, 0x00000000d8b00000, 0x0000000100000000)
  eden space 8192K, 0% used [0x00000000d5580000,0x00000000d5580000,0x00000000d5d80000)
  from space 23040K, 98% used [0x00000000d7400000,0x00000000d8a16858,0x00000000d8a80000)
  to   space 23040K, 0% used [0x00000000d5d80000,0x00000000d5d80000,0x00000000d7400000)
 ParOldGen       total 283136K, used 283103K [0x0000000080000000, 0x0000000091480000, 0x00000000d5580000)
  object space 283136K, 99% used [0x0000000080000000,0x0000000091477fd8,0x0000000091480000)
 Metaspace       used 49310K, committed 50688K, reserved 1114112K
  class space    used 5332K, committed 5952K, reserved 1048576K
}
Event: 22.099 GC heap before
{Heap before GC invocations=234 (full 5):
 PSYoungGen      total 31232K, used 30810K [0x00000000d5580000, 0x00000000d8b00000, 0x0000000100000000)
  eden space 8192K, 100% used [0x00000000d5580000,0x00000000d5d80000,0x00000000d5d80000)
  from space 23040K, 98% used [0x00000000d7400000,0x00000000d8a16858,0x00000000d8a80000)
  to   space 23040K, 0% used [0x00000000d5d80000,0x00000000d5d80000,0x00000000d7400000)
 ParOldGen       total 283136K, used 283103K [0x0000000080000000, 0x0000000091480000, 0x00000000d5580000)
  object space 283136K, 99% used [0x0000000080000000,0x0000000091477fd8,0x0000000091480000)
 Metaspace       used 49310K, committed 50688K, reserved 1114112K
  class space    used 5332K, committed 5952K, reserved 1048576K
}
Event: 22.107 GC heap after
{Heap after GC invocations=234 (full 5):
 PSYoungGen      total 31232K, used 23038K [0x00000000d5580000, 0x00000000d9900000, 0x0000000100000000)
  eden space 8192K, 0% used [0x00000000d5580000,0x00000000d5580000,0x00000000d5d80000)
  from space 23040K, 99% used [0x00000000d5d80000,0x00000000d73ffa98,0x00000000d7400000)
  to   space 30208K, 0% used [0x00000000d7b80000,0x00000000d7b80000,0x00000000d9900000)
 ParOldGen       total 289280K, used 288800K [0x0000000080000000, 0x0000000091a80000, 0x00000000d5580000)
  object space 289280K, 99% used [0x0000000080000000,0x0000000091a08280,0x0000000091a80000)
 Metaspace       used 49310K, committed 50688K, reserved 1114112K
  class space    used 5332K, committed 5952K, reserved 1048576K
}
Event: 22.198 GC heap before
{Heap before GC invocations=235 (full 5):
 PSYoungGen      total 31232K, used 31230K [0x00000000d5580000, 0x00000000d9900000, 0x0000000100000000)
  eden space 8192K, 100% used [0x00000000d5580000,0x00000000d5d80000,0x00000000d5d80000)
  from space 23040K, 99% used [0x00000000d5d80000,0x00000000d73ffa98,0x00000000d7400000)
  to   space 30208K, 0% used [0x00000000d7b80000,0x00000000d7b80000,0x00000000d9900000)
 ParOldGen       total 289280K, used 288800K [0x0000000080000000, 0x0000000091a80000, 0x00000000d5580000)
  object space 289280K, 99% used [0x0000000080000000,0x0000000091a08280,0x0000000091a80000)
 Metaspace       used 49310K, committed 50688K, reserved 1114112K
  class space    used 5332K, committed 5952K, reserved 1048576K
}
Event: 22.206 GC heap after
{Heap after GC invocations=235 (full 5):
 PSYoungGen      total 35840K, used 27055K [0x00000000d5580000, 0x00000000d9600000, 0x0000000100000000)
  eden space 8704K, 0% used [0x00000000d5580000,0x00000000d5580000,0x00000000d5e00000)
  from space 27136K, 99% used [0x00000000d7b80000,0x00000000d95ebdc0,0x00000000d9600000)
  to   space 27648K, 0% used [0x00000000d6000000,0x00000000d6000000,0x00000000d7b00000)
 ParOldGen       total 290304K, used 290026K [0x0000000080000000, 0x0000000091b80000, 0x00000000d5580000)
  object space 290304K, 99% used [0x0000000080000000,0x0000000091b3a8d0,0x0000000091b80000)
 Metaspace       used 49310K, committed 50688K, reserved 1114112K
  class space    used 5332K, committed 5952K, reserved 1048576K
}
Event: 22.317 GC heap before
{Heap before GC invocations=236 (full 5):
 PSYoungGen      total 35840K, used 35759K [0x00000000d5580000, 0x00000000d9600000, 0x0000000100000000)
  eden space 8704K, 100% used [0x00000000d5580000,0x00000000d5e00000,0x00000000d5e00000)
  from space 27136K, 99% used [0x00000000d7b80000,0x00000000d95ebdc0,0x00000000d9600000)
  to   space 27648K, 0% used [0x00000000d6000000,0x00000000d6000000,0x00000000d7b00000)
 ParOldGen       total 290304K, used 290026K [0x0000000080000000, 0x0000000091b80000, 0x00000000d5580000)
  object space 290304K, 99% used [0x0000000080000000,0x0000000091b3a8d0,0x0000000091b80000)
 Metaspace       used 49332K, committed 50688K, reserved 1114112K
  class space    used 5332K, committed 5952K, reserved 1048576K
}
Event: 22.328 GC heap after
{Heap after GC invocations=236 (full 5):
 PSYoungGen      total 36864K, used 27624K [0x00000000d5580000, 0x00000000d9580000, 0x0000000100000000)
  eden space 9216K, 0% used [0x00000000d5580000,0x00000000d5580000,0x00000000d5e80000)
  from space 27648K, 99% used [0x00000000d6000000,0x00000000d7afa3f8,0x00000000d7b00000)
  to   space 27136K, 0% used [0x00000000d7b00000,0x00000000d7b00000,0x00000000d9580000)
 ParOldGen       total 290304K, used 290154K [0x0000000080000000, 0x0000000091b80000, 0x00000000d5580000)
  object space 290304K, 99% used [0x0000000080000000,0x0000000091b5a8d0,0x0000000091b80000)
 Metaspace       used 49332K, committed 50688K, reserved 1114112K
  class space    used 5332K, committed 5952K, reserved 1048576K
}
Event: 22.581 GC heap before
{Heap before GC invocations=237 (full 5):
 PSYoungGen      total 36864K, used 36840K [0x00000000d5580000, 0x00000000d9580000, 0x0000000100000000)
  eden space 9216K, 100% used [0x00000000d5580000,0x00000000d5e80000,0x00000000d5e80000)
  from space 27648K, 99% used [0x00000000d6000000,0x00000000d7afa3f8,0x00000000d7b00000)
  to   space 27136K, 0% used [0x00000000d7b00000,0x00000000d7b00000,0x00000000d9580000)
 ParOldGen       total 290304K, used 290154K [0x0000000080000000, 0x0000000091b80000, 0x00000000d5580000)
  object space 290304K, 99% used [0x0000000080000000,0x0000000091b5a8d0,0x0000000091b80000)
 Metaspace       used 49332K, committed 50688K, reserved 1114112K
  class space    used 5332K, committed 5952K, reserved 1048576K
}
Event: 22.587 GC heap after
{Heap after GC invocations=237 (full 5):
 PSYoungGen      total 29184K, used 19365K [0x00000000d5580000, 0x00000000d8e00000, 0x0000000100000000)
  eden space 9728K, 0% used [0x00000000d5580000,0x00000000d5580000,0x00000000d5f00000)
  from space 19456K, 99% used [0x00000000d7b00000,0x00000000d8de94b0,0x00000000d8e00000)
  to   space 22528K, 0% used [0x00000000d6200000,0x00000000d6200000,0x00000000d7800000)
 ParOldGen       total 290816K, used 290706K [0x0000000080000000, 0x0000000091c00000, 0x00000000d5580000)
  object space 290816K, 99% used [0x0000000080000000,0x0000000091be48e0,0x0000000091c00000)
 Metaspace       used 49332K, committed 50688K, reserved 1114112K
  class space    used 5332K, committed 5952K, reserved 1048576K
}

Dll operation events (10 events):
Event: 0.018 Loaded shared library c:\Users\Biblioteca\.vscode\extensions\redhat.java-1.46.0-win32-x64\jre\21.0.8-win32-x86_64\bin\java.dll
Event: 0.083 Loaded shared library c:\Users\Biblioteca\.vscode\extensions\redhat.java-1.46.0-win32-x64\jre\21.0.8-win32-x86_64\bin\zip.dll
Event: 0.103 Loaded shared library C:\Users\Biblioteca\.vscode\extensions\redhat.java-1.46.0-win32-x64\jre\21.0.8-win32-x86_64\bin\instrument.dll
Event: 0.109 Loaded shared library C:\Users\Biblioteca\.vscode\extensions\redhat.java-1.46.0-win32-x64\jre\21.0.8-win32-x86_64\bin\net.dll
Event: 0.112 Loaded shared library C:\Users\Biblioteca\.vscode\extensions\redhat.java-1.46.0-win32-x64\jre\21.0.8-win32-x86_64\bin\nio.dll
Event: 0.114 Loaded shared library C:\Users\Biblioteca\.vscode\extensions\redhat.java-1.46.0-win32-x64\jre\21.0.8-win32-x86_64\bin\zip.dll
Event: 0.129 Loaded shared library C:\Users\Biblioteca\.vscode\extensions\redhat.java-1.46.0-win32-x64\jre\21.0.8-win32-x86_64\bin\jimage.dll
Event: 0.194 Loaded shared library c:\Users\Biblioteca\.vscode\extensions\redhat.java-1.46.0-win32-x64\jre\21.0.8-win32-x86_64\bin\verify.dll
Event: 1.733 Loaded shared library C:\Users\Biblioteca\AppData\Roaming\Code\User\globalStorage\redhat.java\1.46.0\config_win\org.eclipse.equinox.launcher\org.eclipse.equinox.launcher.win32.win32.x86_64_1.2.1400.v20250801-0854\eclipse_11916.dll
Event: 4.501 Loaded shared library C:\Users\Biblioteca\AppData\Local\Temp\jna--1714148634\jna4434368439469671948.dll

Deoptimization events (20 events):
Event: 22.686 Thread 0x0000025a631ede20 Uncommon trap: trap_request=0xffffff45 fr.pc=0x0000025a51889f50 relative=0x00000000000000f0
Event: 22.686 Thread 0x0000025a631ede20 Uncommon trap: reason=unstable_if action=reinterpret pc=0x0000025a51889f50 method=sun.nio.fs.WindowsPath.openForReadAttributeAccess(Z)J @ 5 c2
Event: 22.686 Thread 0x0000025a631ede20 DEOPT PACKING pc=0x0000025a51889f50 sp=0x000000e195afedc0
Event: 22.686 Thread 0x0000025a631ede20 DEOPT UNPACKING pc=0x0000025a50ee3aa2 sp=0x000000e195afed58 mode 2
Event: 22.718 Thread 0x0000025a631ede20 Uncommon trap: trap_request=0xffffff45 fr.pc=0x0000025a517277e0 relative=0x0000000000000b80
Event: 22.718 Thread 0x0000025a631ede20 Uncommon trap: reason=unstable_if action=reinterpret pc=0x0000025a517277e0 method=org.eclipse.jdt.internal.core.search.indexing.BinaryContainer.isValidPackageNameForClassOrisModule(Ljava/lang/String;)Z @ 41 c2
Event: 22.718 Thread 0x0000025a631ede20 DEOPT PACKING pc=0x0000025a517277e0 sp=0x000000e195aff110
Event: 22.718 Thread 0x0000025a631ede20 DEOPT UNPACKING pc=0x0000025a50ee3aa2 sp=0x000000e195aff100 mode 2
Event: 22.718 Thread 0x0000025a631ede20 Uncommon trap: trap_request=0xffffff45 fr.pc=0x0000025a51864720 relative=0x00000000000008c0
Event: 22.718 Thread 0x0000025a631ede20 Uncommon trap: reason=unstable_if action=reinterpret pc=0x0000025a51864720 method=org.eclipse.jdt.internal.compiler.parser.Scanner.internalScanIdentifierOrKeyword(II[C)Lorg/eclipse/jdt/internal/compiler/parser/TerminalToken; @ 302 c2
Event: 22.718 Thread 0x0000025a631ede20 DEOPT PACKING pc=0x0000025a51864720 sp=0x000000e195aff080
Event: 22.718 Thread 0x0000025a631ede20 DEOPT UNPACKING pc=0x0000025a50ee3aa2 sp=0x000000e195aff008 mode 2
Event: 22.758 Thread 0x0000025a631ede20 Uncommon trap: trap_request=0xffffff45 fr.pc=0x0000025a51529818 relative=0x0000000000000498
Event: 22.758 Thread 0x0000025a631ede20 Uncommon trap: reason=unstable_if action=reinterpret pc=0x0000025a51529818 method=org.eclipse.jdt.internal.compiler.util.SimpleSet.add(Ljava/lang/Object;)Ljava/lang/Object; @ 42 c2
Event: 22.758 Thread 0x0000025a631ede20 DEOPT PACKING pc=0x0000025a51529818 sp=0x000000e195aff000
Event: 22.758 Thread 0x0000025a631ede20 DEOPT UNPACKING pc=0x0000025a50ee3aa2 sp=0x000000e195afefa0 mode 2
Event: 22.777 Thread 0x0000025a631ede20 Uncommon trap: trap_request=0xffffff45 fr.pc=0x0000025a51776944 relative=0x0000000000000104
Event: 22.777 Thread 0x0000025a631ede20 Uncommon trap: reason=unstable_if action=reinterpret pc=0x0000025a51776944 method=org.eclipse.jdt.internal.compiler.util.Util.isClassFileName(Ljava/lang/String;)Z @ 67 c2
Event: 22.777 Thread 0x0000025a631ede20 DEOPT PACKING pc=0x0000025a51776944 sp=0x000000e195aff170
Event: 22.777 Thread 0x0000025a631ede20 DEOPT UNPACKING pc=0x0000025a50ee3aa2 sp=0x000000e195aff0f0 mode 2

Classes loaded (20 events):
Event: 8.444 Loading class java/nio/file/FileTreeWalker$1
Event: 8.445 Loading class java/nio/file/FileTreeWalker$1 done
Event: 8.445 Loading class sun/nio/fs/Globs
Event: 8.445 Loading class sun/nio/fs/Globs done
Event: 8.446 Loading class java/util/regex/Pattern$SliceU
Event: 8.446 Loading class java/util/regex/Pattern$SliceU done
Event: 8.446 Loading class sun/nio/fs/WindowsFileSystem$2
Event: 8.446 Loading class java/nio/file/PathMatcher
Event: 8.446 Loading class java/nio/file/PathMatcher done
Event: 8.446 Loading class sun/nio/fs/WindowsFileSystem$2 done
Event: 21.591 Loading class java/util/regex/PatternSyntaxException
Event: 21.591 Loading class java/util/regex/PatternSyntaxException done
Event: 22.621 Loading class java/util/Collections$SynchronizedRandomAccessList
Event: 22.621 Loading class java/util/Collections$SynchronizedList
Event: 22.622 Loading class java/util/Collections$SynchronizedList done
Event: 22.622 Loading class java/util/Collections$SynchronizedRandomAccessList done
Event: 22.624 Loading class java/util/concurrent/CompletableFuture$Signaller
Event: 22.624 Loading class java/util/concurrent/CompletableFuture$Signaller done
Event: 22.686 Loading class sun/nio/fs/WindowsFileCopy
Event: 22.686 Loading class sun/nio/fs/WindowsFileCopy done

Classes unloaded (7 events):
Event: 4.977 Thread 0x0000025a4667f7c0 Unloading class 0x0000025a011a9400 'java/lang/invoke/LambdaForm$MH+0x0000025a011a9400'
Event: 4.977 Thread 0x0000025a4667f7c0 Unloading class 0x0000025a011a9000 'java/lang/invoke/LambdaForm$MH+0x0000025a011a9000'
Event: 4.977 Thread 0x0000025a4667f7c0 Unloading class 0x0000025a011a8c00 'java/lang/invoke/LambdaForm$MH+0x0000025a011a8c00'
Event: 4.977 Thread 0x0000025a4667f7c0 Unloading class 0x0000025a011a8800 'java/lang/invoke/LambdaForm$MH+0x0000025a011a8800'
Event: 4.977 Thread 0x0000025a4667f7c0 Unloading class 0x0000025a011a8400 'java/lang/invoke/LambdaForm$BMH+0x0000025a011a8400'
Event: 4.977 Thread 0x0000025a4667f7c0 Unloading class 0x0000025a011a8000 'java/lang/invoke/LambdaForm$DMH+0x0000025a011a8000'
Event: 4.977 Thread 0x0000025a4667f7c0 Unloading class 0x0000025a011a6c00 'java/lang/invoke/LambdaForm$DMH+0x0000025a011a6c00'

Classes redefined (0 events):
No events

Internal exceptions (20 events):
Event: 22.508 Thread 0x0000025a66475ad0 Exception <a 'sun/nio/fs/WindowsException'{0x00000000d5c7e4c0}> (0x00000000d5c7e4c0) 
thrown [s\src\hotspot\share\prims\jni.cpp, line 520]
Event: 22.510 Thread 0x0000025a66475ad0 Exception <a 'sun/nio/fs/WindowsException'{0x00000000d5c82e20}> (0x00000000d5c82e20) 
thrown [s\src\hotspot\share\prims\jni.cpp, line 520]
Event: 22.512 Thread 0x0000025a66475ad0 Exception <a 'sun/nio/fs/WindowsException'{0x00000000d5c87b78}> (0x00000000d5c87b78) 
thrown [s\src\hotspot\share\prims\jni.cpp, line 520]
Event: 22.513 Thread 0x0000025a66475ad0 Exception <a 'sun/nio/fs/WindowsException'{0x00000000d5c8c4d8}> (0x00000000d5c8c4d8) 
thrown [s\src\hotspot\share\prims\jni.cpp, line 520]
Event: 22.514 Thread 0x0000025a66475ad0 Exception <a 'sun/nio/fs/WindowsException'{0x00000000d5c91510}> (0x00000000d5c91510) 
thrown [s\src\hotspot\share\prims\jni.cpp, line 520]
Event: 22.515 Thread 0x0000025a66475ad0 Exception <a 'sun/nio/fs/WindowsException'{0x00000000d5c95fd0}> (0x00000000d5c95fd0) 
thrown [s\src\hotspot\share\prims\jni.cpp, line 520]
Event: 22.516 Thread 0x0000025a66475ad0 Exception <a 'sun/nio/fs/WindowsException'{0x00000000d5c9a918}> (0x00000000d5c9a918) 
thrown [s\src\hotspot\share\prims\jni.cpp, line 520]
Event: 22.518 Thread 0x0000025a66475ad0 Exception <a 'sun/nio/fs/WindowsException'{0x00000000d5c9f618}> (0x00000000d5c9f618) 
thrown [s\src\hotspot\share\prims\jni.cpp, line 520]
Event: 22.519 Thread 0x0000025a66475ad0 Exception <a 'sun/nio/fs/WindowsException'{0x00000000d5ca45f0}> (0x00000000d5ca45f0) 
thrown [s\src\hotspot\share\prims\jni.cpp, line 520]
Event: 22.520 Thread 0x0000025a66475ad0 Exception <a 'sun/nio/fs/WindowsException'{0x00000000d5ca8f88}> (0x00000000d5ca8f88) 
thrown [s\src\hotspot\share\prims\jni.cpp, line 520]
Event: 22.633 Thread 0x0000025a66476160 Exception <a 'sun/nio/fs/WindowsException'{0x00000000d58b9378}> (0x00000000d58b9378) 
thrown [s\src\hotspot\share\prims\jni.cpp, line 520]
Event: 22.633 Thread 0x0000025a66476160 Exception <a 'sun/nio/fs/WindowsException'{0x00000000d58b9c18}> (0x00000000d58b9c18) 
thrown [s\src\hotspot\share\prims\jni.cpp, line 520]
Event: 22.634 Thread 0x0000025a66476160 Exception <a 'sun/nio/fs/WindowsException'{0x00000000d58bd9a0}> (0x00000000d58bd9a0) 
thrown [s\src\hotspot\share\prims\jni.cpp, line 520]
Event: 22.634 Thread 0x0000025a66476160 Exception <a 'sun/nio/fs/WindowsException'{0x00000000d58be298}> (0x00000000d58be298) 
thrown [s\src\hotspot\share\prims\jni.cpp, line 520]
Event: 22.635 Thread 0x0000025a66476160 Exception <a 'sun/nio/fs/WindowsException'{0x00000000d58bf798}> (0x00000000d58bf798) 
thrown [s\src\hotspot\share\prims\jni.cpp, line 520]
Event: 22.635 Thread 0x0000025a66476160 Exception <a 'sun/nio/fs/WindowsException'{0x00000000d58c0008}> (0x00000000d58c0008) 
thrown [s\src\hotspot\share\prims\jni.cpp, line 520]
Event: 22.635 Thread 0x0000025a66476160 Exception <a 'sun/nio/fs/WindowsException'{0x00000000d58c0dd8}> (0x00000000d58c0dd8) 
thrown [s\src\hotspot\share\prims\jni.cpp, line 520]
Event: 22.635 Thread 0x0000025a66476160 Exception <a 'sun/nio/fs/WindowsException'{0x00000000d58c1688}> (0x00000000d58c1688) 
thrown [s\src\hotspot\share\prims\jni.cpp, line 520]
Event: 22.687 Thread 0x0000025a631ede20 Exception <a 'sun/nio/fs/WindowsException'{0x00000000d59cb658}> (0x00000000d59cb658) 
thrown [s\src\hotspot\share\prims\jni.cpp, line 520]
Event: 22.746 Thread 0x0000025a66476160 Exception <a 'java/lang/IncompatibleClassChangeError'{0x00000000d5c38a98}: Found class java.lang.Object, but interface was expected> (0x00000000d5c38a98) 
thrown [s\src\hotspot\share\interpreter\linkResolver.cpp, line 840]

ZGC Phase Switch (0 events):
No events

VM Operations (20 events):
Event: 21.785 Executing VM operation: ParallelGCFailedAllocation (Allocation Failure)
Event: 21.790 Executing VM operation: ParallelGCFailedAllocation (Allocation Failure) done
Event: 21.854 Executing VM operation: ParallelGCFailedAllocation (Allocation Failure)
Event: 21.859 Executing VM operation: ParallelGCFailedAllocation (Allocation Failure) done
Event: 21.927 Executing VM operation: ParallelGCFailedAllocation (Allocation Failure)
Event: 21.934 Executing VM operation: ParallelGCFailedAllocation (Allocation Failure) done
Event: 22.003 Executing VM operation: ParallelGCFailedAllocation (Allocation Failure)
Event: 22.010 Executing VM operation: ParallelGCFailedAllocation (Allocation Failure) done
Event: 22.099 Executing VM operation: ParallelGCFailedAllocation (Allocation Failure)
Event: 22.107 Executing VM operation: ParallelGCFailedAllocation (Allocation Failure) done
Event: 22.198 Executing VM operation: ParallelGCFailedAllocation (Allocation Failure)
Event: 22.206 Executing VM operation: ParallelGCFailedAllocation (Allocation Failure) done
Event: 22.317 Executing VM operation: ParallelGCFailedAllocation (Allocation Failure)
Event: 22.328 Executing VM operation: ParallelGCFailedAllocation (Allocation Failure) done
Event: 22.581 Executing VM operation: ParallelGCFailedAllocation (Allocation Failure)
Event: 22.587 Executing VM operation: ParallelGCFailedAllocation (Allocation Failure) done
Event: 22.680 Executing VM operation: HandshakeAllThreads (Deoptimize)
Event: 22.680 Executing VM operation: HandshakeAllThreads (Deoptimize) done
Event: 22.681 Executing VM operation: HandshakeAllThreads (Deoptimize)
Event: 22.681 Executing VM operation: HandshakeAllThreads (Deoptimize) done

Memory protections (0 events):
No events

Nmethod flushes (20 events):
Event: 12.332 Thread 0x0000025a4667f7c0 flushing  nmethod 0x0000025a4a7c1d90
Event: 12.332 Thread 0x0000025a4667f7c0 flushing  nmethod 0x0000025a4a7c3c90
Event: 12.332 Thread 0x0000025a4667f7c0 flushing  nmethod 0x0000025a4a7d2c10
Event: 12.332 Thread 0x0000025a4667f7c0 flushing  nmethod 0x0000025a4a7d3590
Event: 12.332 Thread 0x0000025a4667f7c0 flushing  nmethod 0x0000025a4a7d3c10
Event: 12.332 Thread 0x0000025a4667f7c0 flushing osr nmethod 0x0000025a4a7d8390
Event: 12.332 Thread 0x0000025a4667f7c0 flushing  nmethod 0x0000025a4a7d9390
Event: 12.332 Thread 0x0000025a4667f7c0 flushing  nmethod 0x0000025a4a7d9a90
Event: 12.332 Thread 0x0000025a4667f7c0 flushing  nmethod 0x0000025a4a7dbb10
Event: 12.332 Thread 0x0000025a4667f7c0 flushing  nmethod 0x0000025a4a7e4590
Event: 12.332 Thread 0x0000025a4667f7c0 flushing  nmethod 0x0000025a4a7f5690
Event: 15.005 Thread 0x0000025a4667f7c0 flushing  nmethod 0x0000025a49ce8290
Event: 15.005 Thread 0x0000025a4667f7c0 flushing  nmethod 0x0000025a4a04b410
Event: 15.005 Thread 0x0000025a4667f7c0 flushing  nmethod 0x0000025a4a3e0c90
Event: 15.005 Thread 0x0000025a4667f7c0 flushing  nmethod 0x0000025a4a3e1690
Event: 15.005 Thread 0x0000025a4667f7c0 flushing  nmethod 0x0000025a4a6b9190
Event: 15.005 Thread 0x0000025a4667f7c0 flushing  nmethod 0x0000025a4a734f90
Event: 15.005 Thread 0x0000025a4667f7c0 flushing  nmethod 0x0000025a4a742010
Event: 15.005 Thread 0x0000025a4667f7c0 flushing  nmethod 0x0000025a4a744510
Event: 15.005 Thread 0x0000025a4667f7c0 flushing  nmethod 0x0000025a4a7e9790

Events (20 events):
Event: 4.519 Thread 0x0000025a631eca70 Thread added: 0x0000025a631ed100
Event: 4.579 Thread 0x0000025a631eca70 Thread added: 0x0000025a631ec3e0
Event: 4.609 Thread 0x0000025a631eca70 Thread added: 0x0000025a631ed790
Event: 5.492 Thread 0x0000025a631eca70 Thread added: 0x0000025a631ede20
Event: 5.728 Thread 0x0000025a631ec3e0 Thread added: 0x0000025a631ea9a0
Event: 5.743 Thread 0x0000025a631ea9a0 Thread added: 0x0000025a631f0580
Event: 5.756 Thread 0x0000025a4676c740 Thread added: 0x0000025a631ef1d0
Event: 5.757 Thread 0x0000025a4676c740 Thread added: 0x0000025a631ee4b0
Event: 5.757 Thread 0x0000025a4676c740 Thread added: 0x0000025a631ef860
Event: 5.757 Thread 0x0000025a4676c740 Thread added: 0x0000025a631f1930
Event: 5.757 Thread 0x0000025a4676c740 Thread added: 0x0000025a631f12a0
Event: 5.757 Thread 0x0000025a4676c740 Thread added: 0x0000025a631f1fc0
Event: 5.758 Thread 0x0000025a4676c740 Thread added: 0x0000025a631efef0
Event: 5.786 Thread 0x0000025a4676c740 Thread added: 0x0000025a631eeb40
Event: 6.152 Thread 0x0000025a4676c740 Thread added: 0x0000025a631f0c10
Event: 6.152 Thread 0x0000025a4676c740 Thread added: 0x0000025a66476160
Event: 6.593 Thread 0x0000025a631f0580 Thread added: 0x0000025a66475ad0
Event: 11.442 Thread 0x0000025a63559820 Thread exited: 0x0000025a63559820
Event: 21.151 Thread 0x0000025a5e3385c0 Thread added: 0x0000025a5eab6630
Event: 22.720 Thread 0x0000025a631ede20 Thread added: 0x0000025a664767f0


Dynamic libraries:
0x00007ff7c1300000 - 0x00007ff7c130e000 	c:\Users\Biblioteca\.vscode\extensions\redhat.java-1.46.0-win32-x64\jre\21.0.8-win32-x86_64\bin\java.exe
0x00007ffd89960000 - 0x00007ffd89bc9000 	C:\WINDOWS\SYSTEM32\ntdll.dll
0x00007ffd88170000 - 0x00007ffd88239000 	C:\WINDOWS\System32\KERNEL32.DLL
0x00007ffd86dc0000 - 0x00007ffd871b3000 	C:\WINDOWS\System32\KERNELBASE.dll
0x00007ffd86af0000 - 0x00007ffd86c3b000 	C:\WINDOWS\System32\ucrtbase.dll
0x00007ffd66a80000 - 0x00007ffd66a98000 	c:\Users\Biblioteca\.vscode\extensions\redhat.java-1.46.0-win32-x64\jre\21.0.8-win32-x86_64\bin\jli.dll
0x00007ffd888f0000 - 0x00007ffd88ab4000 	C:\WINDOWS\System32\USER32.dll
0x00007ffd86c40000 - 0x00007ffd86c67000 	C:\WINDOWS\System32\win32u.dll
0x00007ffd88840000 - 0x00007ffd8886b000 	C:\WINDOWS\System32\GDI32.dll
0x00007ffd874b0000 - 0x00007ffd875dd000 	C:\WINDOWS\System32\gdi32full.dll
0x00007ffd87680000 - 0x00007ffd87723000 	C:\WINDOWS\System32\msvcp_win.dll
0x00007ffd78db0000 - 0x00007ffd78dce000 	c:\Users\Biblioteca\.vscode\extensions\redhat.java-1.46.0-win32-x64\jre\21.0.8-win32-x86_64\bin\VCRUNTIME140.dll
0x00007ffd75c50000 - 0x00007ffd75ee3000 	C:\WINDOWS\WinSxS\amd64_microsoft.windows.common-controls_6595b64144ccf1df_6.0.26100.5074_none_3e0d6f78e32fd63f\COMCTL32.dll
0x00007ffd88f60000 - 0x00007ffd89009000 	C:\WINDOWS\System32\msvcrt.dll
0x00007ffd88420000 - 0x00007ffd8844f000 	C:\WINDOWS\System32\IMM32.DLL
0x00007ffd7be90000 - 0x00007ffd7be9c000 	c:\Users\Biblioteca\.vscode\extensions\redhat.java-1.46.0-win32-x64\jre\21.0.8-win32-x86_64\bin\vcruntime140_1.dll
0x00007ffd39cc0000 - 0x00007ffd39d4d000 	c:\Users\Biblioteca\.vscode\extensions\redhat.java-1.46.0-win32-x64\jre\21.0.8-win32-x86_64\bin\msvcp140.dll
0x00007ffcac750000 - 0x00007ffcad4e7000 	c:\Users\Biblioteca\.vscode\extensions\redhat.java-1.46.0-win32-x64\jre\21.0.8-win32-x86_64\bin\server\jvm.dll
0x00007ffd885e0000 - 0x00007ffd88694000 	C:\WINDOWS\System32\ADVAPI32.dll
0x00007ffd89260000 - 0x00007ffd89306000 	C:\WINDOWS\System32\sechost.dll
0x00007ffd884b0000 - 0x00007ffd885c8000 	C:\WINDOWS\System32\RPCRT4.dll
0x00007ffd89310000 - 0x00007ffd89384000 	C:\WINDOWS\System32\WS2_32.dll
0x00007ffd86970000 - 0x00007ffd869ce000 	C:\WINDOWS\SYSTEM32\POWRPROF.dll
0x00007ffd76030000 - 0x00007ffd76065000 	C:\WINDOWS\SYSTEM32\WINMM.dll
0x00007ffd812c0000 - 0x00007ffd812cb000 	C:\WINDOWS\SYSTEM32\VERSION.dll
0x00007ffd86950000 - 0x00007ffd86964000 	C:\WINDOWS\SYSTEM32\UMPDC.dll
0x00007ffd85890000 - 0x00007ffd858ab000 	C:\WINDOWS\SYSTEM32\kernel.appcore.dll
0x00007ffd7ade0000 - 0x00007ffd7adea000 	c:\Users\Biblioteca\.vscode\extensions\redhat.java-1.46.0-win32-x64\jre\21.0.8-win32-x86_64\bin\jimage.dll
0x00007ffd760a0000 - 0x00007ffd762e2000 	C:\WINDOWS\SYSTEM32\DBGHELP.DLL
0x00007ffd88be0000 - 0x00007ffd88f5b000 	C:\WINDOWS\System32\combase.dll
0x00007ffd89180000 - 0x00007ffd89257000 	C:\WINDOWS\System32\OLEAUT32.dll
0x00007ffd74350000 - 0x00007ffd7438d000 	C:\WINDOWS\SYSTEM32\dbgcore.DLL
0x00007ffd875e0000 - 0x00007ffd87679000 	C:\WINDOWS\System32\bcryptPrimitives.dll
0x00007ffd7a8f0000 - 0x00007ffd7a8ff000 	c:\Users\Biblioteca\.vscode\extensions\redhat.java-1.46.0-win32-x64\jre\21.0.8-win32-x86_64\bin\instrument.dll
0x00007ffd7a270000 - 0x00007ffd7a28f000 	c:\Users\Biblioteca\.vscode\extensions\redhat.java-1.46.0-win32-x64\jre\21.0.8-win32-x86_64\bin\java.dll
0x00007ffd877d0000 - 0x00007ffd87f1d000 	C:\WINDOWS\System32\SHELL32.dll
0x00007ffd871c0000 - 0x00007ffd8732c000 	C:\WINDOWS\System32\wintypes.dll
0x00007ffd84730000 - 0x00007ffd84f89000 	C:\WINDOWS\SYSTEM32\windows.storage.dll
0x00007ffd89070000 - 0x00007ffd89160000 	C:\WINDOWS\System32\SHCORE.dll
0x00007ffd87f20000 - 0x00007ffd87f82000 	C:\WINDOWS\System32\shlwapi.dll
0x00007ffd86a10000 - 0x00007ffd86a39000 	C:\WINDOWS\SYSTEM32\profapi.dll
0x00007ffd66e30000 - 0x00007ffd66e48000 	c:\Users\Biblioteca\.vscode\extensions\redhat.java-1.46.0-win32-x64\jre\21.0.8-win32-x86_64\bin\zip.dll
0x00007ffd79160000 - 0x00007ffd79170000 	C:\Users\Biblioteca\.vscode\extensions\redhat.java-1.46.0-win32-x64\jre\21.0.8-win32-x86_64\bin\net.dll
0x00007ffd7fde0000 - 0x00007ffd7feff000 	C:\WINDOWS\SYSTEM32\WINHTTP.dll
0x00007ffd85df0000 - 0x00007ffd85e5b000 	C:\WINDOWS\system32\mswsock.dll
0x00007ffd66e10000 - 0x00007ffd66e26000 	C:\Users\Biblioteca\.vscode\extensions\redhat.java-1.46.0-win32-x64\jre\21.0.8-win32-x86_64\bin\nio.dll
0x00007ffd78de0000 - 0x00007ffd78df0000 	c:\Users\Biblioteca\.vscode\extensions\redhat.java-1.46.0-win32-x64\jre\21.0.8-win32-x86_64\bin\verify.dll
0x00007ffd3c120000 - 0x00007ffd3c164000 	C:\Users\Biblioteca\AppData\Roaming\Code\User\globalStorage\redhat.java\1.46.0\config_win\org.eclipse.equinox.launcher\org.eclipse.equinox.launcher.win32.win32.x86_64_1.2.1400.v20250801-0854\eclipse_11916.dll
0x00007ffd886a0000 - 0x00007ffd88838000 	C:\WINDOWS\System32\ole32.dll
0x00007ffd861c0000 - 0x00007ffd861db000 	C:\WINDOWS\SYSTEM32\CRYPTSP.dll
0x00007ffd857f0000 - 0x00007ffd8582b000 	C:\WINDOWS\system32\rsaenh.dll
0x00007ffd85e90000 - 0x00007ffd85ebb000 	C:\WINDOWS\SYSTEM32\USERENV.dll
0x00007ffd869e0000 - 0x00007ffd86a06000 	C:\WINDOWS\SYSTEM32\bcrypt.dll
0x00007ffd86020000 - 0x00007ffd8602c000 	C:\WINDOWS\SYSTEM32\CRYPTBASE.dll
0x00007ffd85290000 - 0x00007ffd852c4000 	C:\WINDOWS\SYSTEM32\IPHLPAPI.DLL
0x00007ffd877c0000 - 0x00007ffd877ca000 	C:\WINDOWS\System32\NSI.dll
0x00007ffd397e0000 - 0x00007ffd39829000 	C:\Users\Biblioteca\AppData\Local\Temp\jna--1714148634\jna4434368439469671948.dll
0x00007ffd89170000 - 0x00007ffd89178000 	C:\WINDOWS\System32\PSAPI.DLL
0x00007ffd7fc40000 - 0x00007ffd7fc5e000 	C:\WINDOWS\SYSTEM32\dhcpcsvc6.DLL
0x00007ffd7f6d0000 - 0x00007ffd7f6f3000 	C:\WINDOWS\SYSTEM32\dhcpcsvc.DLL

JVMTI agents:
c:\Users\Biblioteca\.vscode\extensions\redhat.java-1.46.0-win32-x64\lombok\lombok-1.18.39-4050.jar path:c:\Users\Biblioteca\.vscode\extensions\redhat.java-1.46.0-win32-x64\jre\21.0.8-win32-x86_64\bin\instrument.dll, loaded, initialized, instrumentlib options:none

dbghelp: loaded successfully - version: 4.0.5 - missing functions: none
symbol engine: initialized successfully - sym options: 0x614 - pdb path: .;c:\Users\Biblioteca\.vscode\extensions\redhat.java-1.46.0-win32-x64\jre\21.0.8-win32-x86_64\bin;C:\WINDOWS\SYSTEM32;C:\WINDOWS\WinSxS\amd64_microsoft.windows.common-controls_6595b64144ccf1df_6.0.26100.5074_none_3e0d6f78e32fd63f;c:\Users\Biblioteca\.vscode\extensions\redhat.java-1.46.0-win32-x64\jre\21.0.8-win32-x86_64\bin\server;C:\Users\Biblioteca\AppData\Roaming\Code\User\globalStorage\redhat.java\1.46.0\config_win\org.eclipse.equinox.launcher\org.eclipse.equinox.launcher.win32.win32.x86_64_1.2.1400.v20250801-0854;C:\Users\Biblioteca\AppData\Local\Temp\jna--1714148634

VM Arguments:
jvm_args: --add-modules=ALL-SYSTEM --add-opens=java.base/java.util=ALL-UNNAMED --add-opens=java.base/java.lang=ALL-UNNAMED --add-opens=java.base/sun.nio.fs=ALL-UNNAMED -Declipse.application=org.eclipse.jdt.ls.core.id1 -Dosgi.bundles.defaultStartLevel=4 -Declipse.product=org.eclipse.jdt.ls.core.product -Djava.import.generatesMetadataFilesAtProjectRoot=false -DDetectVMInstallationsJob.disabled=true -Dfile.encoding=utf8 -XX:+UseParallelGC -XX:GCTimeRatio=4 -XX:AdaptiveSizePolicyWeight=90 -Dsun.zip.disableMemoryMapping=true -Xmx2G -Xms100m -Xlog:disable -javaagent:c:\Users\Biblioteca\.vscode\extensions\redhat.java-1.46.0-win32-x64\lombok\lombok-1.18.39-4050.jar -XX:+HeapDumpOnOutOfMemoryError -XX:HeapDumpPath=c:\Users\Biblioteca\AppData\Roaming\Code\User\workspaceStorage\e53d109b36990f46a688a393441f2901\redhat.java -Daether.dependencyCollector.impl=bf 
java_command: c:\Users\Biblioteca\.vscode\extensions\redhat.java-1.46.0-win32-x64\server\plugins\org.eclipse.equinox.launcher_1.7.0.v20250519-0528.jar -configuration c:\Users\Biblioteca\AppData\Roaming\Code\User\globalStorage\redhat.java\1.46.0\config_win -data c:\Users\Biblioteca\AppData\Roaming\Code\User\workspaceStorage\e53d109b36990f46a688a393441f2901\redhat.java\jdt_ws --pipe=\\.\pipe\lsp-b1a90bd45bf0a13c32517f15f87d9983-sock
java_class_path (initial): c:\Users\Biblioteca\.vscode\extensions\redhat.java-1.46.0-win32-x64\server\plugins\org.eclipse.equinox.launcher_1.7.0.v20250519-0528.jar
Launcher Type: SUN_STANDARD

[Global flags]
    uintx AdaptiveSizePolicyWeight                 = 90                                        {product} {command line}
     intx CICompilerCount                          = 3                                         {product} {ergonomic}
    uintx GCTimeRatio                              = 4                                         {product} {command line}
     bool HeapDumpOnOutOfMemoryError               = true                                   {manageable} {command line}
    ccstr HeapDumpPath                             = c:\Users\Biblioteca\AppData\Roaming\Code\User\workspaceStorage\e53d109b36990f46a688a393441f2901\redhat.java         {manageable} {command line}
   size_t InitialHeapSize                          = 104857600                                 {product} {command line}
   size_t MaxHeapSize                              = 2147483648                                {product} {command line}
   size_t MaxNewSize                               = 715653120                                 {product} {ergonomic}
   size_t MinHeapDeltaBytes                        = 524288                                    {product} {ergonomic}
   size_t MinHeapSize                              = 104857600                                 {product} {command line}
   size_t NewSize                                  = 34603008                                  {product} {ergonomic}
    uintx NonNMethodCodeHeapSize                   = 5832780                                {pd product} {ergonomic}
    uintx NonProfiledCodeHeapSize                  = 122912730                              {pd product} {ergonomic}
   size_t OldSize                                  = 70254592                                  {product} {ergonomic}
    uintx ProfiledCodeHeapSize                     = 122912730                              {pd product} {ergonomic}
    uintx ReservedCodeCacheSize                    = 251658240                              {pd product} {ergonomic}
     bool SegmentedCodeCache                       = true                                      {product} {ergonomic}
   size_t SoftMaxHeapSize                          = 2147483648                             {manageable} {ergonomic}
     bool UseCompressedOops                        = true                           {product lp64_product} {ergonomic}
     bool UseLargePagesIndividualAllocation        = false                                  {pd product} {ergonomic}
     bool UseParallelGC                            = true                                      {product} {command line}

Logging:
Log output configuration:
 #0: stdout all=off uptime,level,tags foldmultilines=false
 #1: stderr all=off uptime,level,tags foldmultilines=false

Environment Variables:
PATH=C:\Program Files (x86)\NVIDIA Corporation\PhysX\Common;C:\Program Files\Common Files\Oracle\Java\javapath;C:\Program Files (x86)\Common Files\Oracle\Java\java8path;C:\Program Files (x86)\Common Files\Oracle\Java\javapath;C:\WINDOWS\system32;C:\WINDOWS;C:\WINDOWS\System32\Wbem;C:\WINDOWS\System32\WindowsPowerShell\v1.0\;C:\WINDOWS\System32\OpenSSH\;C:\MinGW\bin;C:\Program Files\Microsoft SQL Server\Client SDK\ODBC\170\Tools\Binn\;C:\Program Files (x86)\Microsoft SQL Server\150\Tools\Binn\;C:\Program Files\Microsoft SQL Server\150\Tools\Binn\;C:\Program Files\Microsoft SQL Server\150\DTS\Binn\;C:\Program Files (x86)\Windows Kits\8.1\Windows Performance Toolkit\;C:\Program Files\Git\cmd;C:\Program Files\nodejs\;C:\Program Files\dotnet\;C:\Users\Biblioteca\AppData\Local\Programs\Python\Launcher\;C:\Users\Biblioteca\AppData\Local\Microsoft\WindowsApps;C:\Program Files\JetBrains\PyCharm 2024.2.4\bin;;C:\Users\Biblioteca\AppData\Local\Programs\Microsoft VS Code\bin;C:\MinGW\bin;C:\Users\Biblioteca\AppData\Roaming\npm
USERNAME=Biblioteca
OS=Windows_NT
PROCESSOR_IDENTIFIER=Intel64 Family 6 Model 158 Stepping 10, GenuineIntel
TMP=C:\Users\BIBLIO~1\AppData\Local\Temp
TEMP=C:\Users\BIBLIO~1\AppData\Local\Temp




Periodic native trim disabled

---------------  S Y S T E M  ---------------

OS:
 Windows 11 , 64 bit Build 26100 (10.0.26100.5074)
OS uptime: 29 days 4:27 hours
Hyper-V role detected

CPU: total 6 (initial active 6) (6 cores per cpu, 1 threads per core) family 6 model 158 stepping 10 microcode 0xfa, cx8, cmov, fxsr, mmx, 3dnowpref, sse, sse2, sse3, ssse3, sse4.1, sse4.2, popcnt, lzcnt, tsc, tscinvbit, avx, avx2, aes, erms, clmul, bmi1, bmi2, rtm, adx, fma, vzeroupper, clflush, clflushopt, hv, rdtscp, f16c
Processor Information for the first 6 processors :
  Max Mhz: 3000, Current Mhz: 3000, Mhz Limit: 3000

Memory: 4k page, system-wide physical 16165M (4321M free)
TotalPageFile size 65317M (AvailPageFile size 16M)
current process WorkingSet (physical memory assigned to process): 564M, peak: 575M
current process commit charge ("private bytes"): 573M, peak: 1616M

vm_info: OpenJDK 64-Bit Server VM (21.0.8+9-LTS) for windows-amd64 JRE (21.0.8+9-LTS), built on 2025-07-15T00:00:00Z by "admin" with MS VC++ 17.7 (VS2022)

END.
